nohup: ignoring input
2021-09-27 19:55:44.842605: I tensorflow/stream_executor/platform/default/dso_loader.cc:49] Successfully opened dynamic library libcudart.so.10.1
2021-09-27 19:56:45.206429: I tensorflow/compiler/jit/xla_cpu_device.cc:41] Not creating XLA devices, tf_xla_enable_xla_devices not set
2021-09-27 19:56:45.220907: W tensorflow/stream_executor/platform/default/dso_loader.cc:60] Could not load dynamic library 'libcuda.so.1'; dlerror: libcuda.so.1: cannot open shared object file: No such file or directory
2021-09-27 19:56:45.221026: W tensorflow/stream_executor/cuda/cuda_driver.cc:326] failed call to cuInit: UNKNOWN ERROR (303)
2021-09-27 19:56:45.221200: I tensorflow/stream_executor/cuda/cuda_diagnostics.cc:156] kernel driver does not appear to be running on this host (r8l1-gustaf.stat.ubc.ca): /proc/driver/nvidia/version does not exist
2021-09-27 19:56:45.223947: I tensorflow/core/platform/cpu_feature_guard.cc:142] This TensorFlow binary is optimized with oneAPI Deep Neural Network Library (oneDNN) to use the following CPU instructions in performance-critical operations:  SSE4.1 SSE4.2 AVX
To enable them in other operations, rebuild TensorFlow with the appropriate compiler flags.
2021-09-27 19:56:45.226068: I tensorflow/compiler/jit/xla_gpu_device.cc:99] Not creating XLA devices, tf_xla_enable_xla_devices not set
2021-09-27 19:56:47.151283: I tensorflow/compiler/mlir/mlir_graph_optimization_pass.cc:116] None of the MLIR optimization passes are enabled (registered 2)
2021-09-27 19:56:47.221933: I tensorflow/core/platform/profile_utils/cpu_utils.cc:112] CPU Frequency: 2699995000 Hz
2021-09-27 19:56:48.491840: W tensorflow/core/framework/cpu_allocator_impl.cc:80] Allocation of 1013785600 exceeds 10% of free system memory.
2021-09-27 19:56:51.051812: W tensorflow/core/framework/cpu_allocator_impl.cc:80] Allocation of 1013785600 exceeds 10% of free system memory.
2021-09-27 19:56:52.686239: W tensorflow/core/framework/cpu_allocator_impl.cc:80] Allocation of 1013785600 exceeds 10% of free system memory.
2021-09-27 19:56:53.970599: W tensorflow/core/framework/cpu_allocator_impl.cc:80] Allocation of 1013785600 exceeds 10% of free system memory.
2021-09-27 19:56:54.796126: W tensorflow/core/framework/cpu_allocator_impl.cc:80] Allocation of 1013785600 exceeds 10% of free system memory.
/zfs/users/william.laplante/william.laplante/opt/anaconda3/envs/tf-gpu/lib/python3.9/site-packages/numpy/core/_asarray.py:102: VisibleDeprecationWarning: Creating an ndarray from ragged nested sequences (which is a list-or-tuple of lists-or-tuples-or ndarrays with different lengths or shapes) is deprecated. If you meant to do this, you must specify 'dtype=object' when creating the ndarray.
  return array(a, dtype, copy=False, order=order)
/zfs/users/william.laplante/william.laplante/opt/anaconda3/envs/tf-gpu/lib/python3.9/site-packages/numpy/core/_asarray.py:102: VisibleDeprecationWarning: Creating an ndarray from ragged nested sequences (which is a list-or-tuple of lists-or-tuples-or ndarrays with different lengths or shapes) is deprecated. If you meant to do this, you must specify 'dtype=object' when creating the ndarray.
  return array(a, dtype, copy=False, order=order)
/zfs/users/william.laplante/william.laplante/opt/anaconda3/envs/tf-gpu/lib/python3.9/site-packages/numpy/core/_asarray.py:102: VisibleDeprecationWarning: Creating an ndarray from ragged nested sequences (which is a list-or-tuple of lists-or-tuples-or ndarrays with different lengths or shapes) is deprecated. If you meant to do this, you must specify 'dtype=object' when creating the ndarray.
  return array(a, dtype, copy=False, order=order)
/zfs/users/william.laplante/william.laplante/opt/anaconda3/envs/tf-gpu/lib/python3.9/site-packages/numpy/core/_asarray.py:102: VisibleDeprecationWarning: Creating an ndarray from ragged nested sequences (which is a list-or-tuple of lists-or-tuples-or ndarrays with different lengths or shapes) is deprecated. If you meant to do this, you must specify 'dtype=object' when creating the ndarray.
  return array(a, dtype, copy=False, order=order)
/zfs/users/william.laplante/william.laplante/opt/anaconda3/envs/tf-gpu/lib/python3.9/site-packages/numpy/core/_asarray.py:102: VisibleDeprecationWarning: Creating an ndarray from ragged nested sequences (which is a list-or-tuple of lists-or-tuples-or ndarrays with different lengths or shapes) is deprecated. If you meant to do this, you must specify 'dtype=object' when creating the ndarray.
  return array(a, dtype, copy=False, order=order)
/zfs/users/william.laplante/william.laplante/opt/anaconda3/envs/tf-gpu/lib/python3.9/site-packages/numpy/core/_asarray.py:102: VisibleDeprecationWarning: Creating an ndarray from ragged nested sequences (which is a list-or-tuple of lists-or-tuples-or ndarrays with different lengths or shapes) is deprecated. If you meant to do this, you must specify 'dtype=object' when creating the ndarray.
  return array(a, dtype, copy=False, order=order)
/zfs/users/william.laplante/william.laplante/opt/anaconda3/envs/tf-gpu/lib/python3.9/site-packages/numpy/core/_asarray.py:102: VisibleDeprecationWarning: Creating an ndarray from ragged nested sequences (which is a list-or-tuple of lists-or-tuples-or ndarrays with different lengths or shapes) is deprecated. If you meant to do this, you must specify 'dtype=object' when creating the ndarray.
  return array(a, dtype, copy=False, order=order)
/zfs/users/william.laplante/william.laplante/opt/anaconda3/envs/tf-gpu/lib/python3.9/site-packages/numpy/core/_asarray.py:102: VisibleDeprecationWarning: Creating an ndarray from ragged nested sequences (which is a list-or-tuple of lists-or-tuples-or ndarrays with different lengths or shapes) is deprecated. If you meant to do this, you must specify 'dtype=object' when creating the ndarray.
  return array(a, dtype, copy=False, order=order)
/zfs/users/william.laplante/william.laplante/opt/anaconda3/envs/tf-gpu/lib/python3.9/site-packages/numpy/core/_asarray.py:102: VisibleDeprecationWarning: Creating an ndarray from ragged nested sequences (which is a list-or-tuple of lists-or-tuples-or ndarrays with different lengths or shapes) is deprecated. If you meant to do this, you must specify 'dtype=object' when creating the ndarray.
  return array(a, dtype, copy=False, order=order)
/zfs/users/william.laplante/william.laplante/opt/anaconda3/envs/tf-gpu/lib/python3.9/site-packages/numpy/core/_asarray.py:102: VisibleDeprecationWarning: Creating an ndarray from ragged nested sequences (which is a list-or-tuple of lists-or-tuples-or ndarrays with different lengths or shapes) is deprecated. If you meant to do this, you must specify 'dtype=object' when creating the ndarray.
  return array(a, dtype, copy=False, order=order)
/zfs/users/william.laplante/william.laplante/opt/anaconda3/envs/tf-gpu/lib/python3.9/site-packages/numpy/core/_asarray.py:102: VisibleDeprecationWarning: Creating an ndarray from ragged nested sequences (which is a list-or-tuple of lists-or-tuples-or ndarrays with different lengths or shapes) is deprecated. If you meant to do this, you must specify 'dtype=object' when creating the ndarray.
  return array(a, dtype, copy=False, order=order)
/zfs/users/william.laplante/william.laplante/opt/anaconda3/envs/tf-gpu/lib/python3.9/site-packages/numpy/core/_asarray.py:102: VisibleDeprecationWarning: Creating an ndarray from ragged nested sequences (which is a list-or-tuple of lists-or-tuples-or ndarrays with different lengths or shapes) is deprecated. If you meant to do this, you must specify 'dtype=object' when creating the ndarray.
  return array(a, dtype, copy=False, order=order)
/zfs/users/william.laplante/william.laplante/opt/anaconda3/envs/tf-gpu/lib/python3.9/site-packages/numpy/core/_asarray.py:102: VisibleDeprecationWarning: Creating an ndarray from ragged nested sequences (which is a list-or-tuple of lists-or-tuples-or ndarrays with different lengths or shapes) is deprecated. If you meant to do this, you must specify 'dtype=object' when creating the ndarray.
  return array(a, dtype, copy=False, order=order)
[1.0000000000000004e-06, (100.0, 0.0), (100.0, 0.0), (0.0196869857609272, 0.0), (0.01957676187157631, 0.0)]
[1.0000000000000004e-06, (100.0, 0.0), (100.0, 0.0), (0.01867243368178606, 0.00101455207914114), (0.01945999450981617, 0.00011676736176013947)]
[1.0000000000000004e-06, (100.0, 0.0), (100.0, 0.0), (0.019757107521096866, 0.0017433431359211982), (0.021357812608281772, 0.0026856129308301547)]
[1.0000000000000004e-06, (100.0, 0.0), (100.0, 0.0), (0.019663603976368904, 0.0015184408799168803), (0.02074446389451623, 0.0025569469186346306)]
[1.0000000000000004e-06, (100.0, 0.0), (100.0, 0.0), (0.01964300125837326, 0.0013587597479309695), (0.02054416500031948, 0.0023218226943153668)]
[5.994842503189417e-07, (100.0, 0.0), (100.0, 0.0), (0.027833154425024986, 0.0), (0.02778049372136593, 0.0)]
[5.994842503189417e-07, (100.0, 0.0), (100.0, 0.0), (0.02582178357988596, 0.0020113708451390266), (0.026183806359767914, 0.0015966873615980148)]
[5.994842503189417e-07, (100.0, 0.0), (100.0, 0.0), (0.02542988893886407, 0.0017332737628853873), (0.026211900636553764, 0.001304295057582496)]
[5.994842503189417e-07, (100.0, 0.0), (100.0, 0.0), (0.025254698935896158, 0.00153142190928883), (0.025709281209856272, 0.001426102402426538)]
[5.994842503189417e-07, (100.0, 0.0), (100.0, 0.0), (0.026078228279948233, 0.002142196249987206), (0.026379814743995665, 0.0018508039689246567)]
[3.5938136638046265e-07, (100.0, 0.0), (100.0, 0.0), (0.033650003373622894, 0.0), (0.033590395003557205, 0.0)]
[3.5938136638046265e-07, (100.0, 0.0), (100.0, 0.0), (0.033435503020882607, 0.00021450035274028778), (0.03375574201345444, 0.00016534700989723206)]
[3.5938136638046265e-07, (100.0, 0.0), (100.0, 0.0), (0.033869889875253044, 0.0006387937690549967), (0.03722770760456721, 0.004911956489444584)]
[3.5938136638046265e-07, (100.0, 0.0), (100.0, 0.0), (0.034823715686798096, 0.0017422382574855712), (0.037371245212852955, 0.004261137940811673)]
[3.5938136638046265e-07, (100.0, 0.0), (100.0, 0.0), (0.03440466672182083, 0.001769385050482555), (0.03642256557941437, 0.004257441652930136)]
[2.1544346900318843e-07, (100.0, 0.0), (100.0, 0.0), (0.06904452294111252, 0.0), (0.06901542097330093, 0.0)]
[2.1544346900318843e-07, (100.0, 0.0), (100.0, 0.0), (0.05601051077246666, 0.013034012168645859), (0.056226642802357674, 0.01278877817094326)]
[2.1544346900318843e-07, (100.0, 0.0), (100.0, 0.0), (0.05407163004080454, 0.010989790677025053), (0.05620793874065081, 0.010442027154129535)]
[2.1544346900318843e-07, (100.0, 0.0), (100.0, 0.0), (0.05127494689077139, 0.010679229104605736), (0.05294105503708124, 0.010667452165987398)]
[2.1544346900318843e-07, (100.0, 0.0), (100.0, 0.0), (0.05011665374040604, 0.009828698769606268), (0.05122097879648209, 0.01014249859082062)]
[1.2915496650148827e-07, (100.0, 0.0), (100.0, 0.0), (0.11965389549732208, 0.0), (0.11972911655902863, 0.0)]
[1.2915496650148827e-07, (96.25000059604645, 3.7499994039535522), (97.1875011920929, 2.8124988079071045), (0.14957179129123688, 0.029917895793914795), (0.14421337842941284, 0.024484261870384216)]
[1.2915496650148827e-07, (97.5000003973643, 3.535533343974757), (98.12500079472859, 2.651649305533593), (0.12559177726507187, 0.04179476607440024), (0.12385129431883495, 0.03505540840171264)]
[1.2915496650148827e-07, (98.12500029802322, 3.2475947480002794), (98.59375059604645, 2.4356954157610025), (0.11200331710278988, 0.04317453650192613), (0.11113261990249157, 0.0375094025596915)]
[1.2915496650148827e-07, (98.50000023841858, 2.999999523162842), (98.87500047683716, 2.2499990463256836), (0.09949032366275787, 0.04601665460511072), (0.09841475784778594, 0.04210154730265952)]
[7.742636826811268e-08, (100.0, 0.0), (100.0, 0.0), (0.09045590460300446, 0.0), (0.09072697907686234, 0.0)]
[7.742636826811268e-08, (99.9218761920929, 0.07812380790710449), (99.6874988079071, 0.3125011920928955), (0.1069953590631485, 0.016539454460144043), (0.10674084722995758, 0.016013868153095245)]
[7.742636826811268e-08, (99.8437503973643, 0.12757807744757924), (99.3749996026357, 0.510309876411876), (0.11971000333627065, 0.022487627573331552), (0.124678040544192, 0.02853854335457419)]
[7.742636826811268e-08, (99.88281279802322, 0.12955592545163896), (99.53124970197678, 0.5182223539224404), (0.18530237302184105, 0.11526641717479229), (0.19098879024386406, 0.11748269200098523)]
[7.742636826811268e-08, (99.81250047683716, 0.1822171240525828), (99.49999928474426, 0.4677070459088219), (0.19579583704471587, 0.10521182771650758), (0.19801616668701172, 0.10601548195680437)]
[4.64158883361278e-08, (50.0, 0.0), (50.0, 0.0), (0.5759268999099731, 0.0), (0.5824494361877441, 0.0)]
[4.64158883361278e-08, (65.625, 15.625), (64.68749940395355, 14.687499403953552), (0.4801396280527115, 0.09578727185726166), (0.48878684639930725, 0.09366258978843689)]
[4.64158883361278e-08, (76.66666706403096, 20.164256489453784), (75.41666626930237, 19.34024652746413), (0.40186842282613117, 0.13553436502162175), (0.4118633468945821, 0.1329770783607394)]
[4.64158883361278e-08, (70.97656279802322, 20.05192732640625), (70.3125, 18.939149709566387), (0.4744146019220352, 0.17194771699736405), (0.48218870162963867, 0.16762799313615045)]
[4.64158883361278e-08, (66.78125023841858, 19.80066719820037), (66.25, 18.78746226548692), (0.5118115067481994, 0.1710173320654758), (0.5180832624435425, 0.16623174561549545)]
[2.7825594022071167e-08, (50.0, 0.0), (50.0, 0.0), (0.5661010146141052, 0.0), (0.5719665884971619, 0.0)]
[2.7825594022071167e-08, (62.65625059604645, 12.656250596046448), (62.5, 12.5), (0.6277108788490295, 0.061609864234924316), (0.6339443624019623, 0.061977773904800415)]
[2.7825594022071167e-08, (63.593751192092896, 10.418490013838806), (63.333332538604736, 10.274023209359687), (0.6241478323936462, 0.050555983959537136), (0.6290015578269958, 0.05108514728303121)]
[2.7825594022071167e-08, (60.19531339406967, 10.77296797672039), (59.99999940395355, 10.606601436819268), (0.6356394737958908, 0.048094740896911764), (0.6384169906377792, 0.04715103741955072)]
[2.7825594022071167e-08, (58.15625071525574, 10.463105545414413), (57.99999952316284, 10.295629816785405), (0.6465039014816284, 0.048193634821492234), (0.6482931733131408, 0.04656964892223637)]
[1.668100537200055e-08, (50.0, 0.0), (50.0, 0.0), (0.6914880871772766, 0.0), (0.6934282183647156, 0.0)]
[1.668100537200055e-08, (49.531249701976776, 0.4687502980232239), (48.749999701976776, 1.2500002980232239), (0.689499169588089, 0.001988917589187622), (0.6933205425739288, 0.00010767579078674316)]
[1.668100537200055e-08, (49.68749980131785, 0.44194201922058224), (49.16666646798452, 1.1785115829565693), (0.6913346250851949, 0.003061860417257116), (0.6945461829503378, 0.0017355454613795557)]
[1.668100537200055e-08, (49.76562485098839, 0.4059496661196384), (49.37499985098839, 1.082532012826231), (0.6917499303817749, 0.0027474856467644445), (0.6941814869642258, 0.0016303674503758052)]
[1.668100537200055e-08, (49.87500011920929, 0.42389609850963866), (49.74999964237213, 1.2247447983911968), (0.6920094609260559, 0.002511646136899163), (0.6939645886421204, 0.0015213999957685315)]
[9.999999999999982e-09, (50.0, 0.0), (50.0, 0.0), (0.6933733224868774, 0.0), (0.693587601184845, 0.0)]
[9.999999999999982e-09, (50.0, 0.0), (50.0, 0.0), (0.6930752992630005, 0.0002980232238769531), (0.6933478116989136, 0.00023978948593139648)]
[9.999999999999982e-09, (50.0, 0.0), (50.0, 0.0), (0.6930594444274902, 0.0002443658042050676), (0.6932894190152487, 0.00021249017872210915)]
[9.999999999999982e-09, (50.0, 0.0), (50.0, 0.0), (0.6931189745664597, 0.00023540921187529588), (0.6933041960000992, 0.00018579325844560925)]
[9.999999999999982e-09, (50.49999952316284, 0.9999990463256836), (50.49999952316284, 0.9999990463256836), (0.6930268168449402, 0.00027983241443985585), (0.6932425379753113, 0.00020693514923775545)]
[4.6415888336127745e-09, (50.0, 0.0), (50.0, 0.0), (0.6931542158126831, 0.0), (0.6931743621826172, 0.0)]
[4.6415888336127745e-09, (50.0, 0.0), (50.0, 0.0), (0.6932948529720306, 0.00014063715934753418), (0.6933139562606812, 0.00013959407806396484)]
[4.6415888336127745e-09, (50.0, 0.0), (50.0, 0.0), (0.6933236320813497, 0.00012182917545737941), (0.6933485269546509, 0.00012402124891908316)]
[4.6415888336127745e-09, (50.0, 0.0), (50.0, 0.0), (0.6932813972234726, 0.00012838656726528707), (0.6933005750179291, 0.0001357722996185228)]
[4.6415888336127745e-09, (50.0, 0.0), (50.0, 0.0), (0.694556450843811, 0.0025526914085874115), (0.6945857763290405, 0.0025732696971373452)]
[2.1544346900318837e-09, (50.468748807907104, 0.0), (50.0, 0.0), (0.6931492686271667, 0.0), (0.6931526064872742, 0.0)]
[2.1544346900318837e-09, (50.23437440395355, 0.23437440395355225), (50.0, 0.0), (0.6931417882442474, 7.4803829193115234e-06), (0.693152517080307, 8.940696716308594e-08)]
[2.1544346900318837e-09, (50.156249602635704, 0.22097030716281593), (50.0, 0.0), (0.6933717926343282, 0.00032533266512694393), (0.6933799584706625, 0.00032165070716958004)]
[2.1544346900318837e-09, (50.117187201976776, 0.20297418782061222), (50.0, 0.0), (0.6933263540267944, 0.00029253206390543734), (0.6933339685201645, 0.00028972333303934727)]
[2.1544346900318837e-09, (50.09374976158142, 0.1874995231628418), (50.0, 0.0), (0.6933912515640259, 0.000292073223841295), (0.6934038162231445, 0.00029439173597826284)]
[1.0000000000000007e-09, (50.0, 0.0), (50.0, 0.0), (0.6932145357131958, 0.0), (0.693214476108551, 0.0)]
[1.0000000000000007e-09, (50.0, 0.0), (50.0, 0.0), (0.6932709813117981, 5.644559860229492e-05), (0.69327113032341, 5.665421485900879e-05)]
[1.0000000000000007e-09, (50.0, 0.0), (50.0, 0.0), (0.6932424902915955, 6.121721053283714e-05), (0.6932428081830343, 6.118894762774142e-05)]
[1.0000000000000007e-09, (50.0, 0.0), (50.0, 0.0), (0.6932759433984756, 7.853655982329582e-05), (0.693276435136795, 7.874250149399847e-05)]
[1.0000000000000007e-09, (50.0, 0.0), (50.0, 0.0), (0.693350636959076, 0.00016507848122542733), (0.6933512687683105, 0.00016541038315782408)]
Traceback (most recent call last):
  File "/zfs/users/william.laplante/william.laplante/projects/CosmicStrings/code/acc_vs_string_tension-Bmode.py", line 67, in <module>
    main()
  File "/zfs/users/william.laplante/william.laplante/projects/CosmicStrings/code/acc_vs_string_tension-Bmode.py", line 62, in main
    df.to_csv('./output/acc_vs_string_tension-Bmode(results).csv')
  File "/zfs/users/william.laplante/william.laplante/opt/anaconda3/envs/tf-gpu/lib/python3.9/site-packages/pandas/core/generic.py", line 3466, in to_csv
    return DataFrameRenderer(formatter).to_csv(
  File "/zfs/users/william.laplante/william.laplante/opt/anaconda3/envs/tf-gpu/lib/python3.9/site-packages/pandas/io/formats/format.py", line 1105, in to_csv
    csv_formatter.save()
  File "/zfs/users/william.laplante/william.laplante/opt/anaconda3/envs/tf-gpu/lib/python3.9/site-packages/pandas/io/formats/csvs.py", line 237, in save
    with get_handle(
  File "/zfs/users/william.laplante/william.laplante/opt/anaconda3/envs/tf-gpu/lib/python3.9/site-packages/pandas/io/common.py", line 701, in get_handle
    handle = open(
FileNotFoundError: [Errno 2] No such file or directory: './output/acc_vs_string_tension-Bmode(results).csv'
